p/pos76.png 1 0 0 200 153
p/pos79.png 1 0 0 268 400
p/pos62.png 1 0 0 255 362
p/pos36.png 1 0 0 313 474
p/pos38.png 1 0 0 258 425
p/pos39.png 1 0 0 322 382
p/pos50.png 1 0 0 223 452
p/pos51.png 1 0 0 175 413
p/pos52.png 1 0 0 284 419
p/pos53.png 1 0 0 255 335
p/pos54.png 1 0 0 241 324
p/pos55.png 1 0 0 222 513
p/pos56.png 1 0 0 269 387
p/pos57.png 1 0 0 297 342
p/pos58.png 1 0 0 289 357
p/pos60.png 1 0 0 239 352
p/pos63.png 1 0 0 172 291
p/pos22.png 1 0 0 263 385
p/pos23.png 1 0 0 206 482
p/pos32.png 1 0 0 277 419
p/pos42.png 1 0 0 251 397
p/pos43.png 1 0 0 268 349
p/pos44.png 1 0 0 228 410
p/pos45.png 1 0 0 298 395
p/pos59.png 1 0 0 236 305
p/pos61.png 1 0 0 216 326
p/pos64.png 1 0 0 298 294
p/pos65.png 1 0 0 365 398
p/pos24.png 1 0 0 263 386
p/pos25.png 1 0 0 187 427
p/pos34.png 1 0 0 263 354
p/pos35.png 1 0 0 228 404
p/pos37.png 1 0 0 164 384
p/pos18.png 1 0 0 241 396
p/pos19.png 1 0 0 291 440
p/pos20.png 1 0 0 239 368
p/pos21.png 1 0 0 260 418
p/pos26.png 1 0 0 199 415
p/pos27.png 1 0 0 225 433
p/pos28.png 1 0 0 216 368
p/pos29.png 1 0 0 189 487
p/pos30.png 1 0 0 259 404
p/pos31.png 1 0 0 216 404
p/pos33.png 1 0 0 256 338
p/pos40.png 1 0 0 297 355
p/pos41.png 1 0 0 287 387
p/pos46.png 1 0 0 315 302
p/pos68.png 1 0 0 343 415
p/pos70.png 1 0 0 309 416
p/pos71.png 1 0 0 391 450
p/pos77.png 1 0 0 248 215
p/pos78.png 1 0 0 167 208
p/pos47.png 1 0 0 275 361
p/pos48.png 1 0 0 249 454
p/pos49.png 1 0 0 261 348
p/pos67.png 1 0 0 385 414
p/pos69.png 1 0 0 363 482
p/pos72.png 1 0 0 352 391
p/pos73.png 1 0 0 284 260
p/pos8.png 1 0 0 359 428
p/pos10.png 1 0 0 372 473
p/pos13.png 1 0 0 341 374
p/pos14.png 1 0 0 264 190
p/pos16.png 1 0 0 339 450
p/pos17.png 1 0 0 310 450
p/pos5.png 1 0 0 379 458
p/pos6.png 1 0 0 346 344
p/pos7.png 1 0 0 324 382
p/pos12.png 1 0 0 350 426
p/pos9.png 1 0 0 337 377
p/pos2.png 1 0 0 263 388
p/pos4.png 1 0 0 303 404
p/pos1.png 1 0 0 209 290